<?xml version="1.0" encoding="UTF-8"?>
<persistence version="2.1" xmlns="http://xmlns.jcp.org/xml/ns/persistence" xmlns:xsi="http://www.w3.org/2001/XMLSchema-instance" xsi:schemaLocation="http://xmlns.jcp.org/xml/ns/persistence http://xmlns.jcp.org/xml/ns/persistence/persistence_2_1.xsd">
    <persistence-unit name="AdministrationPoep" transaction-type="JTA">
        <provider>org.eclipse.persistence.jpa.PersistenceProvider</provider>
        <jta-data-source>AdministrationSystem</jta-data-source>
        <class>main.domain.Address</class>
        <class>main.domain.Car</class>
        <class>main.domain.Driver</class>
        <class>main.domain.Invoice</class>
        <class>main.domain.Ownership</class>
        <class>main.domain.Rate</class>
        <class>main.domain.Region</class>
        <class>main.domain.User</class>
        <class>main.domain.UserGroup</class>
        <exclude-unlisted-classes>true</exclude-unlisted-classes>
        <properties>
            <property name="eclipselink.ddl-generation" value="drop-and-create-tables" />
            <property name="eclipselink.logging.level.sql" value="FINE" />
            <property name="eclipselink.logging.parameters" value="true" />
        </properties>
    </persistence-unit>
</persistence>
